2014-02-15 16:53:06,803 [myid:] - INFO  [main:QuorumPeerConfig@101] - Reading configuration from: /home/lei/git/zookeeper-demo/zk-env/zookeeper-3/bin/../conf/zoo.cfg
2014-02-15 16:53:06,806 [myid:] - INFO  [main:QuorumPeerConfig@334] - Defaulting to majority quorums
2014-02-15 16:53:06,808 [myid:3] - INFO  [main:DatadirCleanupManager@78] - autopurge.snapRetainCount set to 3
2014-02-15 16:53:06,809 [myid:3] - INFO  [main:DatadirCleanupManager@79] - autopurge.purgeInterval set to 0
2014-02-15 16:53:06,809 [myid:3] - INFO  [main:DatadirCleanupManager@101] - Purge task is not scheduled.
2014-02-15 16:53:06,816 [myid:3] - INFO  [main:QuorumPeerMain@127] - Starting quorum peer
2014-02-15 16:53:06,823 [myid:3] - INFO  [main:NIOServerCnxnFactory@94] - binding to port 0.0.0.0/0.0.0.0:2183
2014-02-15 16:53:06,834 [myid:3] - INFO  [main:QuorumPeer@913] - tickTime set to 2000
2014-02-15 16:53:06,835 [myid:3] - INFO  [main:QuorumPeer@933] - minSessionTimeout set to -1
2014-02-15 16:53:06,835 [myid:3] - INFO  [main:QuorumPeer@944] - maxSessionTimeout set to -1
2014-02-15 16:53:06,835 [myid:3] - INFO  [main:QuorumPeer@959] - initLimit set to 10
2014-02-15 16:53:06,844 [myid:3] - INFO  [main:FileSnap@83] - Reading snapshot ./data/version-2/snapshot.800000000
2014-02-15 16:53:06,853 [myid:3] - INFO  [Thread-1:QuorumCnxManager$Listener@486] - My election bind port: 0.0.0.0/0.0.0.0:4445
2014-02-15 16:53:06,863 [myid:3] - INFO  [QuorumPeer[myid=3]/0:0:0:0:0:0:0:0:2183:QuorumPeer@670] - LOOKING
2014-02-15 16:53:06,865 [myid:3] - INFO  [QuorumPeer[myid=3]/0:0:0:0:0:0:0:0:2183:FastLeaderElection@740] - New election. My id =  3, proposed zxid=0x800000000
2014-02-15 16:53:06,873 [myid:3] - INFO  [WorkerReceiver[myid=3]:FastLeaderElection@542] - Notification: 2 (n.leader), 0x600000001 (n.zxid), 0x1 (n.round), LOOKING (n.state), 1 (n.sid), 0x8 (n.peerEPoch), LOOKING (my state)
2014-02-15 16:53:06,874 [myid:3] - INFO  [WorkerReceiver[myid=3]:FastLeaderElection@542] - Notification: 2 (n.leader), 0x600000001 (n.zxid), 0x1 (n.round), LOOKING (n.state), 2 (n.sid), 0x8 (n.peerEPoch), LOOKING (my state)
2014-02-15 16:53:06,875 [myid:3] - INFO  [WorkerReceiver[myid=3]:FastLeaderElection@542] - Notification: 3 (n.leader), 0x800000000 (n.zxid), 0x1 (n.round), LOOKING (n.state), 3 (n.sid), 0x8 (n.peerEPoch), LOOKING (my state)
2014-02-15 16:53:06,876 [myid:3] - INFO  [WorkerReceiver[myid=3]:FastLeaderElection@542] - Notification: 2 (n.leader), 0x600000001 (n.zxid), 0x1 (n.round), FOLLOWING (n.state), 1 (n.sid), 0x8 (n.peerEPoch), LOOKING (my state)
2014-02-15 16:53:06,876 [myid:3] - INFO  [WorkerReceiver[myid=3]:FastLeaderElection@542] - Notification: 2 (n.leader), 0x600000001 (n.zxid), 0x1 (n.round), LEADING (n.state), 2 (n.sid), 0x8 (n.peerEPoch), LOOKING (my state)
2014-02-15 16:53:06,877 [myid:3] - INFO  [QuorumPeer[myid=3]/0:0:0:0:0:0:0:0:2183:QuorumPeer@738] - FOLLOWING
2014-02-15 16:53:06,881 [myid:3] - INFO  [QuorumPeer[myid=3]/0:0:0:0:0:0:0:0:2183:Learner@85] - TCP NoDelay set to: true
2014-02-15 16:53:06,889 [myid:3] - INFO  [QuorumPeer[myid=3]/0:0:0:0:0:0:0:0:2183:Environment@100] - Server environment:zookeeper.version=3.4.5-1392090, built on 09/30/2012 17:52 GMT
2014-02-15 16:53:06,889 [myid:3] - INFO  [QuorumPeer[myid=3]/0:0:0:0:0:0:0:0:2183:Environment@100] - Server environment:host.name=lei-visenze
2014-02-15 16:53:06,890 [myid:3] - INFO  [QuorumPeer[myid=3]/0:0:0:0:0:0:0:0:2183:Environment@100] - Server environment:java.version=1.7.0_45
2014-02-15 16:53:06,890 [myid:3] - INFO  [QuorumPeer[myid=3]/0:0:0:0:0:0:0:0:2183:Environment@100] - Server environment:java.vendor=Oracle Corporation
2014-02-15 16:53:06,890 [myid:3] - INFO  [QuorumPeer[myid=3]/0:0:0:0:0:0:0:0:2183:Environment@100] - Server environment:java.home=/usr/lib/jvm/java-7-oracle/jre
2014-02-15 16:53:06,891 [myid:3] - INFO  [QuorumPeer[myid=3]/0:0:0:0:0:0:0:0:2183:Environment@100] - Server environment:java.class.path=/home/lei/git/zookeeper-demo/zk-env/zookeeper-3/bin/../build/classes:/home/lei/git/zookeeper-demo/zk-env/zookeeper-3/bin/../build/lib/*.jar:/home/lei/git/zookeeper-demo/zk-env/zookeeper-3/bin/../lib/slf4j-log4j12-1.6.1.jar:/home/lei/git/zookeeper-demo/zk-env/zookeeper-3/bin/../lib/slf4j-api-1.6.1.jar:/home/lei/git/zookeeper-demo/zk-env/zookeeper-3/bin/../lib/netty-3.2.2.Final.jar:/home/lei/git/zookeeper-demo/zk-env/zookeeper-3/bin/../lib/log4j-1.2.15.jar:/home/lei/git/zookeeper-demo/zk-env/zookeeper-3/bin/../lib/jline-0.9.94.jar:/home/lei/git/zookeeper-demo/zk-env/zookeeper-3/bin/../zookeeper-3.4.5.jar:/home/lei/git/zookeeper-demo/zk-env/zookeeper-3/bin/../src/java/lib/*.jar:/home/lei/git/zookeeper-demo/zk-env/zookeeper-3/bin/../conf:
2014-02-15 16:53:06,891 [myid:3] - INFO  [QuorumPeer[myid=3]/0:0:0:0:0:0:0:0:2183:Environment@100] - Server environment:java.library.path=/usr/java/packages/lib/amd64:/usr/lib64:/lib64:/lib:/usr/lib
2014-02-15 16:53:06,891 [myid:3] - INFO  [QuorumPeer[myid=3]/0:0:0:0:0:0:0:0:2183:Environment@100] - Server environment:java.io.tmpdir=/tmp
2014-02-15 16:53:06,891 [myid:3] - INFO  [QuorumPeer[myid=3]/0:0:0:0:0:0:0:0:2183:Environment@100] - Server environment:java.compiler=<NA>
2014-02-15 16:53:06,891 [myid:3] - INFO  [QuorumPeer[myid=3]/0:0:0:0:0:0:0:0:2183:Environment@100] - Server environment:os.name=Linux
2014-02-15 16:53:06,892 [myid:3] - INFO  [QuorumPeer[myid=3]/0:0:0:0:0:0:0:0:2183:Environment@100] - Server environment:os.arch=amd64
2014-02-15 16:53:06,892 [myid:3] - INFO  [QuorumPeer[myid=3]/0:0:0:0:0:0:0:0:2183:Environment@100] - Server environment:os.version=3.2.0-55-generic
2014-02-15 16:53:06,892 [myid:3] - INFO  [QuorumPeer[myid=3]/0:0:0:0:0:0:0:0:2183:Environment@100] - Server environment:user.name=lei
2014-02-15 16:53:06,892 [myid:3] - INFO  [QuorumPeer[myid=3]/0:0:0:0:0:0:0:0:2183:Environment@100] - Server environment:user.home=/home/lei
2014-02-15 16:53:06,893 [myid:3] - INFO  [QuorumPeer[myid=3]/0:0:0:0:0:0:0:0:2183:Environment@100] - Server environment:user.dir=/home/lei/git/zookeeper-demo/zk-env/zookeeper-3/bin
2014-02-15 16:53:06,893 [myid:3] - INFO  [QuorumPeer[myid=3]/0:0:0:0:0:0:0:0:2183:ZooKeeperServer@162] - Created server with tickTime 2000 minSessionTimeout 4000 maxSessionTimeout 40000 datadir ./data/version-2 snapdir ./data/version-2
2014-02-15 16:53:06,894 [myid:3] - INFO  [QuorumPeer[myid=3]/0:0:0:0:0:0:0:0:2183:Follower@63] - FOLLOWING - LEADER ELECTION TOOK - 29
2014-02-15 16:53:07,001 [myid:3] - WARN  [QuorumPeer[myid=3]/0:0:0:0:0:0:0:0:2183:Follower@89] - Exception when following the leader
java.io.EOFException
	at java.io.DataInputStream.readInt(DataInputStream.java:392)
	at org.apache.jute.BinaryInputArchive.readInt(BinaryInputArchive.java:63)
	at org.apache.zookeeper.server.quorum.QuorumPacket.deserialize(QuorumPacket.java:83)
	at org.apache.jute.BinaryInputArchive.readRecord(BinaryInputArchive.java:108)
	at org.apache.zookeeper.server.quorum.Learner.readPacket(Learner.java:152)
	at org.apache.zookeeper.server.quorum.Learner.syncWithLeader(Learner.java:317)
	at org.apache.zookeeper.server.quorum.Follower.followLeader(Follower.java:82)
	at org.apache.zookeeper.server.quorum.QuorumPeer.run(QuorumPeer.java:740)
2014-02-15 16:53:07,003 [myid:3] - INFO  [QuorumPeer[myid=3]/0:0:0:0:0:0:0:0:2183:Follower@166] - shutdown called
java.lang.Exception: shutdown Follower
	at org.apache.zookeeper.server.quorum.Follower.shutdown(Follower.java:166)
	at org.apache.zookeeper.server.quorum.QuorumPeer.run(QuorumPeer.java:744)
2014-02-15 16:53:07,003 [myid:3] - INFO  [QuorumPeer[myid=3]/0:0:0:0:0:0:0:0:2183:FollowerZooKeeperServer@139] - Shutting down
2014-02-15 16:53:07,004 [myid:3] - INFO  [QuorumPeer[myid=3]/0:0:0:0:0:0:0:0:2183:ZooKeeperServer@419] - shutting down
2014-02-15 16:53:07,004 [myid:3] - INFO  [QuorumPeer[myid=3]/0:0:0:0:0:0:0:0:2183:QuorumPeer@670] - LOOKING
2014-02-15 16:53:07,007 [myid:3] - INFO  [QuorumPeer[myid=3]/0:0:0:0:0:0:0:0:2183:FileSnap@83] - Reading snapshot ./data/version-2/snapshot.800000000
2014-02-15 16:53:07,011 [myid:3] - INFO  [QuorumPeer[myid=3]/0:0:0:0:0:0:0:0:2183:FastLeaderElection@740] - New election. My id =  3, proposed zxid=0x800000000
2014-02-15 16:53:07,012 [myid:3] - INFO  [WorkerReceiver[myid=3]:FastLeaderElection@542] - Notification: 3 (n.leader), 0x800000000 (n.zxid), 0x2 (n.round), LOOKING (n.state), 3 (n.sid), 0x8 (n.peerEPoch), LOOKING (my state)
2014-02-15 16:53:07,013 [myid:3] - INFO  [WorkerReceiver[myid=3]:FastLeaderElection@542] - Notification: 2 (n.leader), 0x600000001 (n.zxid), 0x1 (n.round), FOLLOWING (n.state), 1 (n.sid), 0x8 (n.peerEPoch), LOOKING (my state)
2014-02-15 16:53:07,014 [myid:3] - INFO  [WorkerReceiver[myid=3]:FastLeaderElection@542] - Notification: 2 (n.leader), 0x600000001 (n.zxid), 0x1 (n.round), LEADING (n.state), 2 (n.sid), 0x8 (n.peerEPoch), LOOKING (my state)
2014-02-15 16:53:07,014 [myid:3] - INFO  [QuorumPeer[myid=3]/0:0:0:0:0:0:0:0:2183:QuorumPeer@738] - FOLLOWING
2014-02-15 16:53:07,015 [myid:3] - INFO  [QuorumPeer[myid=3]/0:0:0:0:0:0:0:0:2183:ZooKeeperServer@162] - Created server with tickTime 2000 minSessionTimeout 4000 maxSessionTimeout 40000 datadir ./data/version-2 snapdir ./data/version-2
2014-02-15 16:53:07,015 [myid:3] - INFO  [QuorumPeer[myid=3]/0:0:0:0:0:0:0:0:2183:Follower@63] - FOLLOWING - LEADER ELECTION TOOK - 10
2014-02-15 16:53:07,118 [myid:3] - INFO  [QuorumPeer[myid=3]/0:0:0:0:0:0:0:0:2183:Learner@325] - Getting a snapshot from leader
2014-02-15 16:53:07,126 [myid:3] - INFO  [QuorumPeer[myid=3]/0:0:0:0:0:0:0:0:2183:FileTxnSnapLog@240] - Snapshotting: 0x600000001 to ./data/version-2/snapshot.600000001
2014-02-15 16:53:07,234 [myid:3] - INFO  [QuorumPeer[myid=3]/0:0:0:0:0:0:0:0:2183:FileTxnSnapLog@240] - Snapshotting: 0x600000001 to ./data/version-2/snapshot.600000001
2014-02-15 16:53:54,959 [myid:3] - WARN  [QuorumPeer[myid=3]/0:0:0:0:0:0:0:0:2183:Follower@118] - Got zxid 0x900000001 expected 0x1
2014-02-15 16:53:54,959 [myid:3] - INFO  [SyncThread:3:FileTxnLog@199] - Creating new log file: log.900000001
