2014-02-15 16:53:04,774 [myid:] - INFO  [main:QuorumPeerConfig@101] - Reading configuration from: /home/lei/git/zookeeper-demo/zk-env/zookeeper-1/bin/../conf/zoo.cfg
2014-02-15 16:53:04,778 [myid:] - INFO  [main:QuorumPeerConfig@334] - Defaulting to majority quorums
2014-02-15 16:53:04,780 [myid:1] - INFO  [main:DatadirCleanupManager@78] - autopurge.snapRetainCount set to 3
2014-02-15 16:53:04,780 [myid:1] - INFO  [main:DatadirCleanupManager@79] - autopurge.purgeInterval set to 0
2014-02-15 16:53:04,781 [myid:1] - INFO  [main:DatadirCleanupManager@101] - Purge task is not scheduled.
2014-02-15 16:53:04,788 [myid:1] - INFO  [main:QuorumPeerMain@127] - Starting quorum peer
2014-02-15 16:53:04,795 [myid:1] - INFO  [main:NIOServerCnxnFactory@94] - binding to port 0.0.0.0/0.0.0.0:2181
2014-02-15 16:53:04,806 [myid:1] - INFO  [main:QuorumPeer@913] - tickTime set to 2000
2014-02-15 16:53:04,807 [myid:1] - INFO  [main:QuorumPeer@933] - minSessionTimeout set to -1
2014-02-15 16:53:04,807 [myid:1] - INFO  [main:QuorumPeer@944] - maxSessionTimeout set to -1
2014-02-15 16:53:04,807 [myid:1] - INFO  [main:QuorumPeer@959] - initLimit set to 10
2014-02-15 16:53:04,816 [myid:1] - INFO  [main:FileSnap@83] - Reading snapshot ./data/version-2/snapshot.600000001
2014-02-15 16:53:04,824 [myid:1] - INFO  [Thread-1:QuorumCnxManager$Listener@486] - My election bind port: 0.0.0.0/0.0.0.0:2223
2014-02-15 16:53:04,835 [myid:1] - INFO  [QuorumPeer[myid=1]/0:0:0:0:0:0:0:0:2181:QuorumPeer@670] - LOOKING
2014-02-15 16:53:04,837 [myid:1] - INFO  [QuorumPeer[myid=1]/0:0:0:0:0:0:0:0:2181:FastLeaderElection@740] - New election. My id =  1, proposed zxid=0x600000001
2014-02-15 16:53:04,839 [myid:1] - INFO  [WorkerReceiver[myid=1]:FastLeaderElection@542] - Notification: 1 (n.leader), 0x600000001 (n.zxid), 0x1 (n.round), LOOKING (n.state), 1 (n.sid), 0x8 (n.peerEPoch), LOOKING (my state)
2014-02-15 16:53:04,842 [myid:1] - WARN  [WorkerSender[myid=1]:QuorumCnxManager@368] - Cannot open channel to 2 at election address /127.0.0.1:3334
java.net.ConnectException: Connection refused
	at java.net.PlainSocketImpl.socketConnect(Native Method)
	at java.net.AbstractPlainSocketImpl.doConnect(AbstractPlainSocketImpl.java:339)
	at java.net.AbstractPlainSocketImpl.connectToAddress(AbstractPlainSocketImpl.java:200)
	at java.net.AbstractPlainSocketImpl.connect(AbstractPlainSocketImpl.java:182)
	at java.net.SocksSocketImpl.connect(SocksSocketImpl.java:392)
	at java.net.Socket.connect(Socket.java:579)
	at org.apache.zookeeper.server.quorum.QuorumCnxManager.connectOne(QuorumCnxManager.java:354)
	at org.apache.zookeeper.server.quorum.QuorumCnxManager.toSend(QuorumCnxManager.java:327)
	at org.apache.zookeeper.server.quorum.FastLeaderElection$Messenger$WorkerSender.process(FastLeaderElection.java:393)
	at org.apache.zookeeper.server.quorum.FastLeaderElection$Messenger$WorkerSender.run(FastLeaderElection.java:365)
	at java.lang.Thread.run(Thread.java:744)
2014-02-15 16:53:04,844 [myid:1] - WARN  [WorkerSender[myid=1]:QuorumCnxManager@368] - Cannot open channel to 3 at election address /127.0.0.1:4445
java.net.ConnectException: Connection refused
	at java.net.PlainSocketImpl.socketConnect(Native Method)
	at java.net.AbstractPlainSocketImpl.doConnect(AbstractPlainSocketImpl.java:339)
	at java.net.AbstractPlainSocketImpl.connectToAddress(AbstractPlainSocketImpl.java:200)
	at java.net.AbstractPlainSocketImpl.connect(AbstractPlainSocketImpl.java:182)
	at java.net.SocksSocketImpl.connect(SocksSocketImpl.java:392)
	at java.net.Socket.connect(Socket.java:579)
	at org.apache.zookeeper.server.quorum.QuorumCnxManager.connectOne(QuorumCnxManager.java:354)
	at org.apache.zookeeper.server.quorum.QuorumCnxManager.toSend(QuorumCnxManager.java:327)
	at org.apache.zookeeper.server.quorum.FastLeaderElection$Messenger$WorkerSender.process(FastLeaderElection.java:393)
	at org.apache.zookeeper.server.quorum.FastLeaderElection$Messenger$WorkerSender.run(FastLeaderElection.java:365)
	at java.lang.Thread.run(Thread.java:744)
2014-02-15 16:53:05,041 [myid:1] - WARN  [QuorumPeer[myid=1]/0:0:0:0:0:0:0:0:2181:QuorumCnxManager@368] - Cannot open channel to 2 at election address /127.0.0.1:3334
java.net.ConnectException: Connection refused
	at java.net.PlainSocketImpl.socketConnect(Native Method)
	at java.net.AbstractPlainSocketImpl.doConnect(AbstractPlainSocketImpl.java:339)
	at java.net.AbstractPlainSocketImpl.connectToAddress(AbstractPlainSocketImpl.java:200)
	at java.net.AbstractPlainSocketImpl.connect(AbstractPlainSocketImpl.java:182)
	at java.net.SocksSocketImpl.connect(SocksSocketImpl.java:392)
	at java.net.Socket.connect(Socket.java:579)
	at org.apache.zookeeper.server.quorum.QuorumCnxManager.connectOne(QuorumCnxManager.java:354)
	at org.apache.zookeeper.server.quorum.QuorumCnxManager.connectAll(QuorumCnxManager.java:388)
	at org.apache.zookeeper.server.quorum.FastLeaderElection.lookForLeader(FastLeaderElection.java:765)
	at org.apache.zookeeper.server.quorum.QuorumPeer.run(QuorumPeer.java:716)
2014-02-15 16:53:05,043 [myid:1] - WARN  [QuorumPeer[myid=1]/0:0:0:0:0:0:0:0:2181:QuorumCnxManager@368] - Cannot open channel to 3 at election address /127.0.0.1:4445
java.net.ConnectException: Connection refused
	at java.net.PlainSocketImpl.socketConnect(Native Method)
	at java.net.AbstractPlainSocketImpl.doConnect(AbstractPlainSocketImpl.java:339)
	at java.net.AbstractPlainSocketImpl.connectToAddress(AbstractPlainSocketImpl.java:200)
	at java.net.AbstractPlainSocketImpl.connect(AbstractPlainSocketImpl.java:182)
	at java.net.SocksSocketImpl.connect(SocksSocketImpl.java:392)
	at java.net.Socket.connect(Socket.java:579)
	at org.apache.zookeeper.server.quorum.QuorumCnxManager.connectOne(QuorumCnxManager.java:354)
	at org.apache.zookeeper.server.quorum.QuorumCnxManager.connectAll(QuorumCnxManager.java:388)
	at org.apache.zookeeper.server.quorum.FastLeaderElection.lookForLeader(FastLeaderElection.java:765)
	at org.apache.zookeeper.server.quorum.QuorumPeer.run(QuorumPeer.java:716)
2014-02-15 16:53:05,044 [myid:1] - INFO  [QuorumPeer[myid=1]/0:0:0:0:0:0:0:0:2181:FastLeaderElection@774] - Notification time out: 400
2014-02-15 16:53:05,446 [myid:1] - WARN  [QuorumPeer[myid=1]/0:0:0:0:0:0:0:0:2181:QuorumCnxManager@368] - Cannot open channel to 2 at election address /127.0.0.1:3334
java.net.ConnectException: Connection refused
	at java.net.PlainSocketImpl.socketConnect(Native Method)
	at java.net.AbstractPlainSocketImpl.doConnect(AbstractPlainSocketImpl.java:339)
	at java.net.AbstractPlainSocketImpl.connectToAddress(AbstractPlainSocketImpl.java:200)
	at java.net.AbstractPlainSocketImpl.connect(AbstractPlainSocketImpl.java:182)
	at java.net.SocksSocketImpl.connect(SocksSocketImpl.java:392)
	at java.net.Socket.connect(Socket.java:579)
	at org.apache.zookeeper.server.quorum.QuorumCnxManager.connectOne(QuorumCnxManager.java:354)
	at org.apache.zookeeper.server.quorum.QuorumCnxManager.connectAll(QuorumCnxManager.java:388)
	at org.apache.zookeeper.server.quorum.FastLeaderElection.lookForLeader(FastLeaderElection.java:765)
	at org.apache.zookeeper.server.quorum.QuorumPeer.run(QuorumPeer.java:716)
2014-02-15 16:53:05,447 [myid:1] - WARN  [QuorumPeer[myid=1]/0:0:0:0:0:0:0:0:2181:QuorumCnxManager@368] - Cannot open channel to 3 at election address /127.0.0.1:4445
java.net.ConnectException: Connection refused
	at java.net.PlainSocketImpl.socketConnect(Native Method)
	at java.net.AbstractPlainSocketImpl.doConnect(AbstractPlainSocketImpl.java:339)
	at java.net.AbstractPlainSocketImpl.connectToAddress(AbstractPlainSocketImpl.java:200)
	at java.net.AbstractPlainSocketImpl.connect(AbstractPlainSocketImpl.java:182)
	at java.net.SocksSocketImpl.connect(SocksSocketImpl.java:392)
	at java.net.Socket.connect(Socket.java:579)
	at org.apache.zookeeper.server.quorum.QuorumCnxManager.connectOne(QuorumCnxManager.java:354)
	at org.apache.zookeeper.server.quorum.QuorumCnxManager.connectAll(QuorumCnxManager.java:388)
	at org.apache.zookeeper.server.quorum.FastLeaderElection.lookForLeader(FastLeaderElection.java:765)
	at org.apache.zookeeper.server.quorum.QuorumPeer.run(QuorumPeer.java:716)
2014-02-15 16:53:05,449 [myid:1] - INFO  [QuorumPeer[myid=1]/0:0:0:0:0:0:0:0:2181:FastLeaderElection@774] - Notification time out: 800
2014-02-15 16:53:05,848 [myid:1] - INFO  [/127.0.0.1:2223:QuorumCnxManager$Listener@493] - Received connection request /127.0.0.1:43536
2014-02-15 16:53:05,854 [myid:1] - INFO  [WorkerReceiver[myid=1]:FastLeaderElection@542] - Notification: 2 (n.leader), 0x600000001 (n.zxid), 0x1 (n.round), LOOKING (n.state), 2 (n.sid), 0x8 (n.peerEPoch), LOOKING (my state)
2014-02-15 16:53:05,855 [myid:1] - INFO  [WorkerReceiver[myid=1]:FastLeaderElection@542] - Notification: 2 (n.leader), 0x600000001 (n.zxid), 0x1 (n.round), LOOKING (n.state), 1 (n.sid), 0x8 (n.peerEPoch), LOOKING (my state)
2014-02-15 16:53:05,856 [myid:1] - WARN  [WorkerSender[myid=1]:QuorumCnxManager@368] - Cannot open channel to 3 at election address /127.0.0.1:4445
java.net.ConnectException: Connection refused
	at java.net.PlainSocketImpl.socketConnect(Native Method)
	at java.net.AbstractPlainSocketImpl.doConnect(AbstractPlainSocketImpl.java:339)
	at java.net.AbstractPlainSocketImpl.connectToAddress(AbstractPlainSocketImpl.java:200)
	at java.net.AbstractPlainSocketImpl.connect(AbstractPlainSocketImpl.java:182)
	at java.net.SocksSocketImpl.connect(SocksSocketImpl.java:392)
	at java.net.Socket.connect(Socket.java:579)
	at org.apache.zookeeper.server.quorum.QuorumCnxManager.connectOne(QuorumCnxManager.java:354)
	at org.apache.zookeeper.server.quorum.QuorumCnxManager.toSend(QuorumCnxManager.java:327)
	at org.apache.zookeeper.server.quorum.FastLeaderElection$Messenger$WorkerSender.process(FastLeaderElection.java:393)
	at org.apache.zookeeper.server.quorum.FastLeaderElection$Messenger$WorkerSender.run(FastLeaderElection.java:365)
	at java.lang.Thread.run(Thread.java:744)
2014-02-15 16:53:06,056 [myid:1] - INFO  [QuorumPeer[myid=1]/0:0:0:0:0:0:0:0:2181:QuorumPeer@738] - FOLLOWING
2014-02-15 16:53:06,062 [myid:1] - INFO  [QuorumPeer[myid=1]/0:0:0:0:0:0:0:0:2181:Learner@85] - TCP NoDelay set to: true
2014-02-15 16:53:06,066 [myid:1] - INFO  [QuorumPeer[myid=1]/0:0:0:0:0:0:0:0:2181:Environment@100] - Server environment:zookeeper.version=3.4.5-1392090, built on 09/30/2012 17:52 GMT
2014-02-15 16:53:06,066 [myid:1] - INFO  [QuorumPeer[myid=1]/0:0:0:0:0:0:0:0:2181:Environment@100] - Server environment:host.name=lei-visenze
2014-02-15 16:53:06,066 [myid:1] - INFO  [QuorumPeer[myid=1]/0:0:0:0:0:0:0:0:2181:Environment@100] - Server environment:java.version=1.7.0_45
2014-02-15 16:53:06,066 [myid:1] - INFO  [QuorumPeer[myid=1]/0:0:0:0:0:0:0:0:2181:Environment@100] - Server environment:java.vendor=Oracle Corporation
2014-02-15 16:53:06,067 [myid:1] - INFO  [QuorumPeer[myid=1]/0:0:0:0:0:0:0:0:2181:Environment@100] - Server environment:java.home=/usr/lib/jvm/java-7-oracle/jre
2014-02-15 16:53:06,067 [myid:1] - INFO  [QuorumPeer[myid=1]/0:0:0:0:0:0:0:0:2181:Environment@100] - Server environment:java.class.path=/home/lei/git/zookeeper-demo/zk-env/zookeeper-1/bin/../build/classes:/home/lei/git/zookeeper-demo/zk-env/zookeeper-1/bin/../build/lib/*.jar:/home/lei/git/zookeeper-demo/zk-env/zookeeper-1/bin/../lib/slf4j-log4j12-1.6.1.jar:/home/lei/git/zookeeper-demo/zk-env/zookeeper-1/bin/../lib/slf4j-api-1.6.1.jar:/home/lei/git/zookeeper-demo/zk-env/zookeeper-1/bin/../lib/netty-3.2.2.Final.jar:/home/lei/git/zookeeper-demo/zk-env/zookeeper-1/bin/../lib/log4j-1.2.15.jar:/home/lei/git/zookeeper-demo/zk-env/zookeeper-1/bin/../lib/jline-0.9.94.jar:/home/lei/git/zookeeper-demo/zk-env/zookeeper-1/bin/../zookeeper-3.4.5.jar:/home/lei/git/zookeeper-demo/zk-env/zookeeper-1/bin/../src/java/lib/*.jar:/home/lei/git/zookeeper-demo/zk-env/zookeeper-1/bin/../conf:
2014-02-15 16:53:06,067 [myid:1] - INFO  [QuorumPeer[myid=1]/0:0:0:0:0:0:0:0:2181:Environment@100] - Server environment:java.library.path=/usr/java/packages/lib/amd64:/usr/lib64:/lib64:/lib:/usr/lib
2014-02-15 16:53:06,067 [myid:1] - INFO  [QuorumPeer[myid=1]/0:0:0:0:0:0:0:0:2181:Environment@100] - Server environment:java.io.tmpdir=/tmp
2014-02-15 16:53:06,067 [myid:1] - INFO  [QuorumPeer[myid=1]/0:0:0:0:0:0:0:0:2181:Environment@100] - Server environment:java.compiler=<NA>
2014-02-15 16:53:06,067 [myid:1] - INFO  [QuorumPeer[myid=1]/0:0:0:0:0:0:0:0:2181:Environment@100] - Server environment:os.name=Linux
2014-02-15 16:53:06,068 [myid:1] - INFO  [QuorumPeer[myid=1]/0:0:0:0:0:0:0:0:2181:Environment@100] - Server environment:os.arch=amd64
2014-02-15 16:53:06,068 [myid:1] - INFO  [QuorumPeer[myid=1]/0:0:0:0:0:0:0:0:2181:Environment@100] - Server environment:os.version=3.2.0-55-generic
2014-02-15 16:53:06,068 [myid:1] - INFO  [QuorumPeer[myid=1]/0:0:0:0:0:0:0:0:2181:Environment@100] - Server environment:user.name=lei
2014-02-15 16:53:06,068 [myid:1] - INFO  [QuorumPeer[myid=1]/0:0:0:0:0:0:0:0:2181:Environment@100] - Server environment:user.home=/home/lei
2014-02-15 16:53:06,068 [myid:1] - INFO  [QuorumPeer[myid=1]/0:0:0:0:0:0:0:0:2181:Environment@100] - Server environment:user.dir=/home/lei/git/zookeeper-demo/zk-env/zookeeper-1/bin
2014-02-15 16:53:06,069 [myid:1] - INFO  [QuorumPeer[myid=1]/0:0:0:0:0:0:0:0:2181:ZooKeeperServer@162] - Created server with tickTime 2000 minSessionTimeout 4000 maxSessionTimeout 40000 datadir ./data/version-2 snapdir ./data/version-2
2014-02-15 16:53:06,070 [myid:1] - INFO  [QuorumPeer[myid=1]/0:0:0:0:0:0:0:0:2181:Follower@63] - FOLLOWING - LEADER ELECTION TOOK - 1233
2014-02-15 16:53:06,072 [myid:1] - WARN  [QuorumPeer[myid=1]/0:0:0:0:0:0:0:0:2181:Learner@232] - Unexpected exception, tries=0, connecting to /127.0.0.1:3333
java.net.ConnectException: Connection refused
	at java.net.PlainSocketImpl.socketConnect(Native Method)
	at java.net.AbstractPlainSocketImpl.doConnect(AbstractPlainSocketImpl.java:339)
	at java.net.AbstractPlainSocketImpl.connectToAddress(AbstractPlainSocketImpl.java:200)
	at java.net.AbstractPlainSocketImpl.connect(AbstractPlainSocketImpl.java:182)
	at java.net.SocksSocketImpl.connect(SocksSocketImpl.java:392)
	at java.net.Socket.connect(Socket.java:579)
	at org.apache.zookeeper.server.quorum.Learner.connectToLeader(Learner.java:224)
	at org.apache.zookeeper.server.quorum.Follower.followLeader(Follower.java:71)
	at org.apache.zookeeper.server.quorum.QuorumPeer.run(QuorumPeer.java:740)
2014-02-15 16:53:06,868 [myid:1] - INFO  [/127.0.0.1:2223:QuorumCnxManager$Listener@493] - Received connection request /127.0.0.1:43540
2014-02-15 16:53:06,873 [myid:1] - INFO  [WorkerReceiver[myid=1]:FastLeaderElection@542] - Notification: 3 (n.leader), 0x800000000 (n.zxid), 0x1 (n.round), LOOKING (n.state), 3 (n.sid), 0x8 (n.peerEPoch), FOLLOWING (my state)
2014-02-15 16:53:07,012 [myid:1] - INFO  [WorkerReceiver[myid=1]:FastLeaderElection@542] - Notification: 3 (n.leader), 0x800000000 (n.zxid), 0x2 (n.round), LOOKING (n.state), 3 (n.sid), 0x8 (n.peerEPoch), FOLLOWING (my state)
2014-02-15 16:53:07,118 [myid:1] - INFO  [QuorumPeer[myid=1]/0:0:0:0:0:0:0:0:2181:Learner@322] - Getting a diff from the leader 0x600000001
2014-02-15 16:53:07,124 [myid:1] - INFO  [QuorumPeer[myid=1]/0:0:0:0:0:0:0:0:2181:FileTxnSnapLog@240] - Snapshotting: 0x600000001 to ./data/version-2/snapshot.600000001
2014-02-15 16:53:07,234 [myid:1] - INFO  [QuorumPeer[myid=1]/0:0:0:0:0:0:0:0:2181:FileTxnSnapLog@240] - Snapshotting: 0x600000001 to ./data/version-2/snapshot.600000001
2014-02-15 16:53:54,959 [myid:1] - WARN  [QuorumPeer[myid=1]/0:0:0:0:0:0:0:0:2181:Follower@118] - Got zxid 0x900000001 expected 0x1
2014-02-15 16:53:54,960 [myid:1] - INFO  [SyncThread:1:FileTxnLog@199] - Creating new log file: log.900000001
